<?xml version="1.0" encoding="UTF-8"?>
<!-- Generated by org.testng.reporters.JUnitXMLReporter -->
<testsuite hostname="Karthik-PC" name="Command line test" tests="3" failures="0" timestamp="12 Mar 2016 01:33:18 GMT" time="100.508" errors="0">
  <testcase name="searchTest1" time="48.723" classname="tt.projectJenkins.Pageobject1Test"/>
  <testcase name="searchTest1" time="28.705" classname="tt.projectJenkins.Pageobject2Test"/>
  <testcase name="searchTest" time="23.038" classname="tt.projectJenkins.PageobjectTest"/>
</testsuite> <!-- Command line test -->
