<?xml version="1.0" encoding="UTF-8"?>
<testng-results skipped="0" failed="0" total="2" passed="2">
  <reporter-output>
  </reporter-output>
  <suite name="Suite" duration-ms="66790" started-at="2016-03-13T23:55:46Z" finished-at="2016-03-13T23:56:53Z">
    <groups>
    </groups>
    <test name="Test" duration-ms="66790" started-at="2016-03-13T23:55:46Z" finished-at="2016-03-13T23:56:53Z">
      <class name="tt.projectJenkins.Pageobject1Test">
        <test-method status="PASS" signature="searchTest1()[pri:0, instance:tt.projectJenkins.Pageobject1Test@3498ed]" name="searchTest1" duration-ms="44785" started-at="2016-03-13T16:55:46Z" finished-at="2016-03-13T16:56:31Z">
          <reporter-output>
          </reporter-output>
        </test-method> <!-- searchTest1 -->
      </class> <!-- tt.projectJenkins.Pageobject1Test -->
      <class name="tt.projectJenkins.PageobjectTest">
        <test-method status="PASS" signature="searchTest()[pri:0, instance:tt.projectJenkins.PageobjectTest@5ebec15]" name="searchTest" duration-ms="21964" started-at="2016-03-13T16:56:31Z" finished-at="2016-03-13T16:56:53Z">
          <reporter-output>
          </reporter-output>
        </test-method> <!-- searchTest -->
      </class> <!-- tt.projectJenkins.PageobjectTest -->
    </test> <!-- Test -->
  </suite> <!-- Suite -->
</testng-results>
