<?xml version="1.0" encoding="UTF-8"?>
<testng-results skipped="0" failed="0" total="1" passed="1">
  <reporter-output>
  </reporter-output>
  <suite name="Default suite" duration-ms="30520" started-at="2016-03-12T02:05:24Z" finished-at="2016-03-12T02:05:55Z">
    <groups>
    </groups>
    <test name="Default test" duration-ms="30520" started-at="2016-03-12T02:05:24Z" finished-at="2016-03-12T02:05:55Z">
      <class name="tt.projectJenkins.Pageobject1Test">
        <test-method status="PASS" signature="searchTest1()[pri:0, instance:tt.projectJenkins.Pageobject1Test@1fbc7afb]" name="searchTest1" duration-ms="30381" started-at="2016-03-11T18:05:24Z" finished-at="2016-03-11T18:05:55Z">
          <reporter-output>
          </reporter-output>
        </test-method> <!-- searchTest1 -->
      </class> <!-- tt.projectJenkins.Pageobject1Test -->
    </test> <!-- Default test -->
  </suite> <!-- Default suite -->
</testng-results>
